\BOOKMARK [0][-]{chapter.1}{\376\377\137\025\212\000}{}% 1
\BOOKMARK [1][-]{section.1.1}{\376\377\220\011\230\230\200\314\146\157\116\016\141\017\116\111}{chapter.1}% 2
\BOOKMARK [1][-]{section.1.2}{\376\377\126\375\121\205\131\026\170\024\172\166\163\260\162\266\124\214\166\370\121\163\135\345\117\134}{chapter.1}% 3
\BOOKMARK [1][-]{section.1.3}{\376\377\147\054\145\207\166\204\213\272\145\207\176\323\147\204\116\016\172\340\202\202\133\211\143\222}{chapter.1}% 4
\BOOKMARK [0][-]{chapter.2}{\376\377\126\376\120\317\162\171\137\201\143\320\123\326}{}% 5
\BOOKMARK [1][-]{section.2.1}{\376\377\123\314\147\201\174\373\145\160}{chapter.2}% 6
\BOOKMARK [1][-]{section.2.2}{\376\377\160\160\136\246\121\161\165\037\167\351\226\065\124\214\162\171\137\201\120\074}{chapter.2}% 7
\BOOKMARK [0][-]{chapter.3}{\376\377\121\164\215\243\123\072\127\337\165\037\142\020}{}% 8
\BOOKMARK [1][-]{section.3.1}{\376\377\126\376\120\317\122\006\122\162}{chapter.3}% 9
\BOOKMARK [1][-]{section.3.2}{\376\377\133\232\116\111}{chapter.3}% 10
\BOOKMARK [1][-]{section.3.3}{\376\377\173\227\154\325\155\101\172\013\126\376}{chapter.3}% 11
\BOOKMARK [0][-]{chapter.4}{\376\377\150\300\155\113\116\016\213\306\122\053\173\227\154\325}{}% 12
\BOOKMARK [1][-]{section.4.1}{\376\377\126\376\120\317\230\204\131\004\164\006\116\016\000R\000O\000I\165\037\142\020}{chapter.4}% 13
\BOOKMARK [1][-]{section.4.2}{\376\377\123\314\147\201\174\373\145\160\122\044\143\156\166\204\170\024\172\166}{chapter.4}% 14
\BOOKMARK [1][-]{section.4.3}{\376\377\000H\000o\000u\000g\000h\123\330\143\142\122\044\143\156\166\204\170\024\172\166}{chapter.4}% 15
\BOOKMARK [1][-]{section.4.4}{\376\377\176\271\164\006\122\044\143\156\116\016\145\057\143\001\124\021\221\317\147\072}{chapter.4}% 16
\BOOKMARK [0][-]{chapter.5}{\376\377\213\325\232\214\176\323\147\234}{}% 17
\BOOKMARK [0][-]{chapter.6}{\376\377\140\073\176\323\116\016\134\125\147\033}{}% 18
\BOOKMARK [1][-]{section.6.1}{\376\377\135\345\117\134\140\073\176\323}{chapter.6}% 19
\BOOKMARK [1][-]{section.6.2}{\376\377\170\024\172\166\134\125\147\033}{chapter.6}% 20
\BOOKMARK [0][-]{chapter*.14}{\376\377\123\302\200\003\145\207\163\056}{}% 21
\BOOKMARK [0][-]{chapter*.15}{\376\377\201\364\214\042}{}% 22
